0 info it worked if it ends with ok
1 verbose cli [ '/home/ubuntu/.nvm/versions/node/v7.7.2/bin/node',
1 verbose cli   '/home/ubuntu/.nvm/versions/node/v7.7.2/bin/npm',
1 verbose cli   'run',
1 verbose cli   'debug' ]
2 info using npm@4.1.2
3 info using node@v7.7.2
4 verbose run-script [ 'predebug', 'debug', 'postdebug' ]
5 info lifecycle kieliprojekti@0.0.1~predebug: kieliprojekti@0.0.1
6 verbose lifecycle kieliprojekti@0.0.1~predebug: unsafe-perm in lifecycle true
7 verbose lifecycle kieliprojekti@0.0.1~predebug: PATH: /home/ubuntu/.nvm/versions/node/v7.7.2/lib/node_modules/npm/bin/node-gyp-bin:/home/ubuntu/workspace/node_modules/.bin:/home/ubuntu/.nvm/versions/node/v7.7.2/bin:/usr/local/rvm/gems/ruby-2.3.0/bin:/usr/local/rvm/gems/ruby-2.3.0@global/bin:/usr/local/rvm/rubies/ruby-2.3.0/bin:/mnt/shared/bin:/home/ubuntu/workspace/node_modules/.bin:/home/ubuntu/bin:/usr/local/sbin:/usr/local/bin:/usr/sbin:/usr/bin:/sbin:/bin:/mnt/shared/sbin:/opt/gitl:/opt/go/bin:/mnt/shared/c9/app.nw/bin:/usr/local/rvm/bin
8 verbose lifecycle kieliprojekti@0.0.1~predebug: CWD: /home/ubuntu/workspace
9 silly lifecycle kieliprojekti@0.0.1~predebug: Args: [ '-c', 'npm run build' ]
10 silly lifecycle kieliprojekti@0.0.1~predebug: Returned: code: 0  signal: null
11 info lifecycle kieliprojekti@0.0.1~debug: kieliprojekti@0.0.1
12 verbose lifecycle kieliprojekti@0.0.1~debug: unsafe-perm in lifecycle true
13 verbose lifecycle kieliprojekti@0.0.1~debug: PATH: /home/ubuntu/.nvm/versions/node/v7.7.2/lib/node_modules/npm/bin/node-gyp-bin:/home/ubuntu/workspace/node_modules/.bin:/home/ubuntu/.nvm/versions/node/v7.7.2/bin:/usr/local/rvm/gems/ruby-2.3.0/bin:/usr/local/rvm/gems/ruby-2.3.0@global/bin:/usr/local/rvm/rubies/ruby-2.3.0/bin:/mnt/shared/bin:/home/ubuntu/workspace/node_modules/.bin:/home/ubuntu/bin:/usr/local/sbin:/usr/local/bin:/usr/sbin:/usr/bin:/sbin:/bin:/mnt/shared/sbin:/opt/gitl:/opt/go/bin:/mnt/shared/c9/app.nw/bin:/usr/local/rvm/bin
14 verbose lifecycle kieliprojekti@0.0.1~debug: CWD: /home/ubuntu/workspace
15 silly lifecycle kieliprojekti@0.0.1~debug: Args: [ '-c', 'node index.js --f=testi.ö > testi.txt' ]
16 silly lifecycle kieliprojekti@0.0.1~debug: Returned: code: 1  signal: null
17 info lifecycle kieliprojekti@0.0.1~debug: Failed to exec debug script
18 verbose stack Error: kieliprojekti@0.0.1 debug: `node index.js --f=testi.ö > testi.txt`
18 verbose stack Exit status 1
18 verbose stack     at EventEmitter.<anonymous> (/home/ubuntu/.nvm/versions/node/v7.7.2/lib/node_modules/npm/lib/utils/lifecycle.js:279:16)
18 verbose stack     at emitTwo (events.js:106:13)
18 verbose stack     at EventEmitter.emit (events.js:194:7)
18 verbose stack     at ChildProcess.<anonymous> (/home/ubuntu/.nvm/versions/node/v7.7.2/lib/node_modules/npm/lib/utils/spawn.js:40:14)
18 verbose stack     at emitTwo (events.js:106:13)
18 verbose stack     at ChildProcess.emit (events.js:194:7)
18 verbose stack     at maybeClose (internal/child_process.js:899:16)
18 verbose stack     at Process.ChildProcess._handle.onexit (internal/child_process.js:226:5)
19 verbose pkgid kieliprojekti@0.0.1
20 verbose cwd /home/ubuntu/workspace
21 error Linux 4.9.17-c9
22 error argv "/home/ubuntu/.nvm/versions/node/v7.7.2/bin/node" "/home/ubuntu/.nvm/versions/node/v7.7.2/bin/npm" "run" "debug"
23 error node v7.7.2
24 error npm  v4.1.2
25 error code ELIFECYCLE
26 error kieliprojekti@0.0.1 debug: `node index.js --f=testi.ö > testi.txt`
26 error Exit status 1
27 error Failed at the kieliprojekti@0.0.1 debug script 'node index.js --f=testi.ö > testi.txt'.
27 error Make sure you have the latest version of node.js and npm installed.
27 error If you do, this is most likely a problem with the kieliprojekti package,
27 error not with npm itself.
27 error Tell the author that this fails on your system:
27 error     node index.js --f=testi.ö > testi.txt
27 error You can get information on how to open an issue for this project with:
27 error     npm bugs kieliprojekti
27 error Or if that isn't available, you can get their info via:
27 error     npm owner ls kieliprojekti
27 error There is likely additional logging output above.
28 verbose exit [ 1, true ]
